d:\work\graphics\engine\jfengine\jfengine\x64\debug\graphcis.obj
d:\work\graphics\engine\jfengine\jfengine\x64\debug\mouse.obj
d:\work\graphics\engine\jfengine\jfengine\x64\debug\jfengine.obj
d:\work\graphics\engine\jfengine\jfengine\x64\debug\app.obj
d:\work\graphics\engine\jfengine\jfengine\x64\debug\window.obj
d:\work\graphics\engine\jfengine\jfengine\x64\debug\jfinputsystem.obj
d:\work\graphics\engine\jfengine\jfengine\x64\debug\keyboard.obj
d:\work\graphics\engine\jfengine\jfengine\x64\debug\chiliexception.obj
d:\work\graphics\engine\jfengine\jfengine\x64\debug\jfrendersystem.obj
d:\work\graphics\engine\jfengine\jfengine\x64\debug\chilitimer.obj
d:\work\graphics\engine\jfengine\jfengine\x64\debug\windowsmessagemap.obj
d:\work\graphics\engine\jfengine\jfengine\x64\debug\winmain.obj
d:\work\graphics\engine\jfengine\jfengine\x64\debug\main.obj
d:\work\graphics\engine\jfengine\jfengine\x64\debug\rendernode.obj
d:\work\graphics\engine\jfengine\jfengine\x64\debug\vc141.pdb
d:\work\graphics\engine\jfengine\jfengine\x64\debug\vc141.idb
d:\work\graphics\engine\jfengine\jfengine\x64\debug\glad.obj
d:\work\graphics\engine\jfengine\jfengine\x64\debug\renderobject.obj
d:\work\graphics\engine\jfengine\jfengine\x64\debug\shader.obj
d:\work\graphics\engine\jfengine\jfengine\x64\debug\tempmain.obj
d:\work\graphics\engine\jfengine\jfengine\x64\debug\glfw.pdb
d:\work\graphics\engine\jfengine\x64\debug\nba2k.pdb
d:\work\graphics\engine\jfengine\jfengine\x64\debug\nba2k.tlog\cl.command.1.tlog
d:\work\graphics\engine\jfengine\jfengine\x64\debug\nba2k.tlog\cl.read.1.tlog
d:\work\graphics\engine\jfengine\jfengine\x64\debug\nba2k.tlog\cl.write.1.tlog
d:\work\graphics\engine\jfengine\jfengine\x64\debug\nba2k.tlog\fxc.command.1.tlog
d:\work\graphics\engine\jfengine\jfengine\x64\debug\nba2k.tlog\fxc.read.1.tlog
d:\work\graphics\engine\jfengine\jfengine\x64\debug\nba2k.tlog\link-cvtres.read.1.tlog
d:\work\graphics\engine\jfengine\jfengine\x64\debug\nba2k.tlog\link-cvtres.write.1.tlog
d:\work\graphics\engine\jfengine\jfengine\x64\debug\nba2k.tlog\link-rc.read.1.tlog
d:\work\graphics\engine\jfengine\jfengine\x64\debug\nba2k.tlog\link-rc.write.1.tlog
d:\work\graphics\engine\jfengine\jfengine\x64\debug\nba2k.tlog\link.20572-cvtres.read.1.tlog
d:\work\graphics\engine\jfengine\jfengine\x64\debug\nba2k.tlog\link.20572-cvtres.write.1.tlog
d:\work\graphics\engine\jfengine\jfengine\x64\debug\nba2k.tlog\link.20572-rc.read.1.tlog
d:\work\graphics\engine\jfengine\jfengine\x64\debug\nba2k.tlog\link.20572-rc.write.1.tlog
d:\work\graphics\engine\jfengine\jfengine\x64\debug\nba2k.tlog\link.20572.read.1.tlog
d:\work\graphics\engine\jfengine\jfengine\x64\debug\nba2k.tlog\link.20572.write.1.tlog
d:\work\graphics\engine\jfengine\jfengine\x64\debug\nba2k.tlog\link.command.1.tlog
d:\work\graphics\engine\jfengine\jfengine\x64\debug\nba2k.tlog\link.read.1.tlog
d:\work\graphics\engine\jfengine\jfengine\x64\debug\nba2k.tlog\link.write.1.tlog
